<?xml version="1.0" encoding="UTF-8"?>
<!-- Generated by org.testng.reporters.JUnitXMLReporter -->
<testsuite ignored="0" hostname="ALIPLR8042" failures="0" tests="4" name="Validating User login" time="34.327" errors="0" timestamp="2022-02-01T12:44:26 IST">
  <testcase classname="aspireapp.OrderCreationE2E" name="homePageNavigation" time="8.564"/>
  <testcase classname="aspireapp.OrderCreationE2E" name="validateInventory" time="0.675"/>
  <testcase classname="aspireapp.OrderCreationE2E" name="topmenubar" time="11.572"/>
  <testcase classname="aspireapp.OrderCreationE2E" name="manufacturingpage" time="10.314"/>
</testsuite> <!-- Validating User login -->
