<?xml version="1.0" encoding="UTF-8"?>
<testng-results ignored="0" total="4" passed="4" failed="0" skipped="0">
  <reporter-output>
  </reporter-output>
  <suite started-at="2022-02-01T12:43:51 IST" name="Suite" finished-at="2022-02-01T12:44:25 IST" duration-ms="34327">
    <groups>
    </groups>
    <test started-at="2022-02-01T12:43:51 IST" name="Validating User login" finished-at="2022-02-01T12:44:25 IST" duration-ms="34327">
      <class name="aspireapp.OrderCreationE2E">
        <test-method is-config="true" signature="initialize()[pri:0, instance:aspireapp.OrderCreationE2E@18a3962d]" started-at="2022-02-01T12:43:51 IST" name="initialize" finished-at="2022-02-01T12:43:53 IST" duration-ms="2304" status="PASS">
          <reporter-output>
          </reporter-output>
        </test-method> <!-- initialize -->
        <test-method signature="homePageNavigation(java.lang.String,java.lang.String)[pri:0, instance:aspireapp.OrderCreationE2E@18a3962d]" started-at="2022-02-01T12:43:54 IST" name="homePageNavigation" data-provider="getData" finished-at="2022-02-01T12:44:02 IST" duration-ms="8564" status="PASS">
          <params>
            <param index="0">
              <value>
                <![CDATA[user@aspireapp.com]]>
              </value>
            </param>
            <param index="1">
              <value>
                <![CDATA[@sp1r3app]]>
              </value>
            </param>
          </params>
          <reporter-output>
          </reporter-output>
        </test-method> <!-- homePageNavigation -->
        <test-method signature="validateInventory()[pri:1, instance:aspireapp.OrderCreationE2E@18a3962d]" started-at="2022-02-01T12:44:02 IST" name="validateInventory" finished-at="2022-02-01T12:44:03 IST" duration-ms="675" status="PASS">
          <reporter-output>
          </reporter-output>
        </test-method> <!-- validateInventory -->
        <test-method signature="topmenubar()[pri:2, instance:aspireapp.OrderCreationE2E@18a3962d]" started-at="2022-02-01T12:44:03 IST" name="topmenubar" finished-at="2022-02-01T12:44:14 IST" duration-ms="11572" status="PASS">
          <reporter-output>
          </reporter-output>
        </test-method> <!-- topmenubar -->
        <test-method signature="manufacturingpage()[pri:3, instance:aspireapp.OrderCreationE2E@18a3962d]" started-at="2022-02-01T12:44:14 IST" name="manufacturingpage" finished-at="2022-02-01T12:44:25 IST" duration-ms="10314" status="PASS">
          <reporter-output>
          </reporter-output>
        </test-method> <!-- manufacturingpage -->
        <test-method is-config="true" signature="teardown()[pri:0, instance:aspireapp.OrderCreationE2E@18a3962d]" started-at="2022-02-01T12:44:25 IST" name="teardown" finished-at="2022-02-01T12:44:25 IST" duration-ms="802" status="PASS">
          <reporter-output>
          </reporter-output>
        </test-method> <!-- teardown -->
      </class> <!-- aspireapp.OrderCreationE2E -->
    </test> <!-- Validating User login -->
  </suite> <!-- Suite -->
</testng-results>
